<?xml version="1.0" encoding="UTF-8"?>
<testng-results ignored="0" total="2" passed="2" failed="0" skipped="0">
  <reporter-output>
  </reporter-output>
  <suite started-at="2024-06-19T23:40:10 IST" name="Default suite" finished-at="2024-06-19T23:40:26 IST" duration-ms="16540">
    <groups>
    </groups>
    <test started-at="2024-06-19T23:40:10 IST" name="Default test" finished-at="2024-06-19T23:40:26 IST" duration-ms="16540">
      <class name="defectCase.PurchaseWithoutLoginTestExtent_Report">
        <test-method is-config="true" signature="setUp()[pri:0, instance:defectCase.PurchaseWithoutLoginTestExtent_Report@14cd1699]" started-at="2024-06-19T23:40:07 IST" name="setUp" finished-at="2024-06-19T23:40:10 IST" duration-ms="2938" status="PASS">
          <reporter-output>
          </reporter-output>
        </test-method> <!-- setUp -->
        <test-method signature="addProductToCartWithoutLogin__Test_Case_01()[pri:1, instance:defectCase.PurchaseWithoutLoginTestExtent_Report@14cd1699]" started-at="2024-06-19T23:40:10 IST" name="addProductToCartWithoutLogin__Test_Case_01" finished-at="2024-06-19T23:40:17 IST" duration-ms="7376" status="PASS">
          <reporter-output>
          </reporter-output>
        </test-method> <!-- addProductToCartWithoutLogin__Test_Case_01 -->
        <test-method signature="checkoutWithoutLogin___Test_Case_02()[pri:2, instance:defectCase.PurchaseWithoutLoginTestExtent_Report@14cd1699]" started-at="2024-06-19T23:40:17 IST" name="checkoutWithoutLogin___Test_Case_02" finished-at="2024-06-19T23:40:26 IST" duration-ms="9113" status="PASS">
          <reporter-output>
          </reporter-output>
        </test-method> <!-- checkoutWithoutLogin___Test_Case_02 -->
        <test-method is-config="true" signature="afterTest()[pri:0, instance:defectCase.PurchaseWithoutLoginTestExtent_Report@14cd1699]" started-at="2024-06-19T23:40:26 IST" name="afterTest" finished-at="2024-06-19T23:40:29 IST" duration-ms="3030" status="PASS">
          <reporter-output>
          </reporter-output>
        </test-method> <!-- afterTest -->
      </class> <!-- defectCase.PurchaseWithoutLoginTestExtent_Report -->
    </test> <!-- Default test -->
  </suite> <!-- Default suite -->
</testng-results>
